<?xml version="1.0" encoding="UTF-8"?>
<!-- Generated by org.testng.reporters.JUnitXMLReporter -->
<testsuite ignored="2" hostname="DESKTOP-7NNF0FV" failures="0" tests="3" name="Default test" time="40.233" errors="0" timestamp="2023-04-04T20:58:37 IST">
  <testcase classname="com.OrangeHRM.TestCases.LoginTest" name="loginWithInvalidCredentials" time="3.164"/>
  <testcase classname="com.OrangeHRM.TestCases.LoginTest" name="loginWithInvalidCredentials" time="2.917"/>
  <testcase classname="com.OrangeHRM.TestCases.LoginTest" name="loginWithInvalidCredentials" time="3.105"/>
  <testcase classname="com.OrangeHRM.TestCases.LoginTest" name="loginWithValidCredentials" time="0.0">
    <ignored/>
  </testcase> <!-- loginWithValidCredentials -->
  <testcase classname="com.OrangeHRM.TestCases.LoginTest" name="loginWithoutCredentials" time="0.0">
    <ignored/>
  </testcase> <!-- loginWithoutCredentials -->
</testsuite> <!-- Default test -->
