<?xml version="1.0" encoding="UTF-8"?>
<!-- Generated by org.testng.reporters.JUnitXMLReporter -->
<testsuite ignored="0" hostname="DESKTOP-7NNF0FV" failures="1" tests="12" name="Test" time="153.047" errors="0" timestamp="2023-04-04T12:17:24 IST">
  <testcase classname="com.OrangeHRM.TestCases.LoginTest" name="loginWithInvalidCredentials" time="2.491"/>
  <testcase classname="com.OrangeHRM.TestCases.LoginTest" name="loginWithValidCredentials" time="3.59"/>
  <testcase classname="com.OrangeHRM.TestCases.LoginTest" name="loginWithoutCredentials" time="1.27"/>
  <testcase classname="com.OrangeHRM.TestCases.HomeTest" name="timeAtWorkTextVerification" time="0.521"/>
  <testcase classname="com.OrangeHRM.TestCases.HomeTest" name="MyActionsTextVerification" time="2.943"/>
  <testcase classname="com.OrangeHRM.TestCases.HomeTest" name="quickLaunchTextVerification" time="2.339"/>
  <testcase classname="com.OrangeHRM.TestCases.HomeTest" name="buzzPostsTextVerification" time="2.217"/>
  <testcase classname="com.OrangeHRM.TestCases.HomeTest" name="employeesLeaveTextVerification" time="0.523"/>
  <testcase classname="com.OrangeHRM.TestCases.HomeTest" name="EmployeeDistributionTextVerification" time="2.811">
    <failure type="java.lang.AssertionError" message="null">
      <![CDATA[java.lang.AssertionError: null
at com.OrangeHRM.TestCases.HomeTest.EmployeeDistributionTextVerification(HomeTest.java:92)
at java.base/java.util.ArrayList.forEach(ArrayList.java:1511)
... Removed 27 stack frames]]>
    </failure>
  </testcase> <!-- EmployeeDistributionTextVerification -->
  <testcase classname="com.OrangeHRM.TestCases.HomeTest" name="EmployeeLocationTextVerification" time="0.0">
    <skipped/>
  </testcase> <!-- EmployeeLocationTextVerification -->
  <testcase classname="com.OrangeHRM.TestCases.AdminTest" name="systemUserFields" time="4.878"/>
  <testcase classname="com.OrangeHRM.TestCases.AdminTest" name="verifyDeleteRecord" time="5.038"/>
</testsuite> <!-- Test -->
