<?xml version="1.0" encoding="UTF-8"?>
<testng-results ignored="2" total="5" passed="3" failed="0" skipped="0">
  <reporter-output>
  </reporter-output>
  <suite started-at="2023-04-04T20:57:57 IST" name="Default suite" finished-at="2023-04-04T20:58:37 IST" duration-ms="40233">
    <groups>
    </groups>
    <test started-at="2023-04-04T20:57:57 IST" name="Default test" finished-at="2023-04-04T20:58:37 IST" duration-ms="40233">
      <class name="com.OrangeHRM.TestCases.LoginTest">
        <test-method is-config="true" signature="setup()[pri:0, instance:com.OrangeHRM.TestCases.LoginTest@61862a7f]" started-at="2023-04-04T20:57:59 IST" name="setup" finished-at="2023-04-04T20:58:10 IST" duration-ms="11386" status="PASS">
          <reporter-output>
          </reporter-output>
        </test-method> <!-- setup -->
        <test-method signature="loginWithInvalidCredentials(java.lang.String,java.lang.String)[pri:1, instance:com.OrangeHRM.TestCases.LoginTest@61862a7f]" started-at="2023-04-04T20:58:10 IST" name="loginWithInvalidCredentials" data-provider="excelDataForLogin" finished-at="2023-04-04T20:58:14 IST" duration-ms="3164" status="PASS">
          <params>
            <param index="0">
              <value>
                <![CDATA[abhishek]]>
              </value>
            </param>
            <param index="1">
              <value>
                <![CDATA[pass123]]>
              </value>
            </param>
          </params>
          <reporter-output>
          </reporter-output>
        </test-method> <!-- loginWithInvalidCredentials -->
        <test-method is-config="true" signature="teardown()[pri:0, instance:com.OrangeHRM.TestCases.LoginTest@61862a7f]" started-at="2023-04-04T20:58:14 IST" name="teardown" finished-at="2023-04-04T20:58:14 IST" duration-ms="427" status="PASS">
          <reporter-output>
          </reporter-output>
        </test-method> <!-- teardown -->
        <test-method is-config="true" signature="setup()[pri:0, instance:com.OrangeHRM.TestCases.LoginTest@61862a7f]" started-at="2023-04-04T20:58:14 IST" name="setup" finished-at="2023-04-04T20:58:24 IST" duration-ms="9707" status="PASS">
          <reporter-output>
          </reporter-output>
        </test-method> <!-- setup -->
        <test-method signature="loginWithInvalidCredentials(java.lang.String,java.lang.String)[pri:1, instance:com.OrangeHRM.TestCases.LoginTest@61862a7f]" started-at="2023-04-04T20:58:24 IST" name="loginWithInvalidCredentials" data-provider="excelDataForLogin" finished-at="2023-04-04T20:58:27 IST" duration-ms="2917" status="PASS">
          <params>
            <param index="0">
              <value>
                <![CDATA[abhishek]]>
              </value>
            </param>
            <param index="1">
              <value>
                <![CDATA[abhi123]]>
              </value>
            </param>
          </params>
          <reporter-output>
          </reporter-output>
        </test-method> <!-- loginWithInvalidCredentials -->
        <test-method is-config="true" signature="teardown()[pri:0, instance:com.OrangeHRM.TestCases.LoginTest@61862a7f]" started-at="2023-04-04T20:58:27 IST" name="teardown" finished-at="2023-04-04T20:58:27 IST" duration-ms="276" status="PASS">
          <reporter-output>
          </reporter-output>
        </test-method> <!-- teardown -->
        <test-method is-config="true" signature="setup()[pri:0, instance:com.OrangeHRM.TestCases.LoginTest@61862a7f]" started-at="2023-04-04T20:58:27 IST" name="setup" finished-at="2023-04-04T20:58:34 IST" duration-ms="6920" status="PASS">
          <reporter-output>
          </reporter-output>
        </test-method> <!-- setup -->
        <test-method signature="loginWithInvalidCredentials(java.lang.String,java.lang.String)[pri:1, instance:com.OrangeHRM.TestCases.LoginTest@61862a7f]" started-at="2023-04-04T20:58:34 IST" name="loginWithInvalidCredentials" data-provider="excelDataForLogin" finished-at="2023-04-04T20:58:37 IST" duration-ms="3105" status="PASS">
          <params>
            <param index="0">
              <value>
                <![CDATA[Admin123]]>
              </value>
            </param>
            <param index="1">
              <value>
                <![CDATA[admin12345]]>
              </value>
            </param>
          </params>
          <reporter-output>
          </reporter-output>
        </test-method> <!-- loginWithInvalidCredentials -->
        <test-method is-config="true" signature="teardown()[pri:0, instance:com.OrangeHRM.TestCases.LoginTest@61862a7f]" started-at="2023-04-04T20:58:37 IST" name="teardown" finished-at="2023-04-04T20:58:37 IST" duration-ms="263" status="PASS">
          <reporter-output>
          </reporter-output>
        </test-method> <!-- teardown -->
      </class> <!-- com.OrangeHRM.TestCases.LoginTest -->
    </test> <!-- Default test -->
  </suite> <!-- Default suite -->
</testng-results>
